<?xml version="1.0" encoding="UTF-8"?>
<testng-results skipped="0" failed="0" ignored="0" total="2" passed="2">
  <reporter-output>
  </reporter-output>
  <suite name="Default suite" duration-ms="24647" started-at="2020-10-08T15:26:06Z" finished-at="2020-10-08T15:26:31Z">
    <groups>
    </groups>
    <test name="Default test" duration-ms="24647" started-at="2020-10-08T15:26:06Z" finished-at="2020-10-08T15:26:31Z">
      <class name="com.ijmeet.functionaltests.HomepageTests">
        <test-method status="PASS" signature="openBrowser()[pri:0, instance:com.ijmeet.functionaltests.HomepageTests@5bfa9431]" name="openBrowser" is-config="true" duration-ms="24393" started-at="2020-10-08T15:26:06Z" finished-at="2020-10-08T15:26:30Z">
          <reporter-output>
          </reporter-output>
        </test-method> <!-- openBrowser -->
        <test-method status="PASS" signature="verifyIsLogoPresent()[pri:0, instance:com.ijmeet.functionaltests.HomepageTests@5bfa9431]" name="verifyIsLogoPresent" duration-ms="131" started-at="2020-10-08T15:26:30Z" finished-at="2020-10-08T15:26:31Z">
          <reporter-output>
          </reporter-output>
        </test-method> <!-- verifyIsLogoPresent -->
        <test-method status="PASS" signature="verifyTitle()[pri:0, instance:com.ijmeet.functionaltests.HomepageTests@5bfa9431]" name="verifyTitle" duration-ms="12" started-at="2020-10-08T15:26:31Z" finished-at="2020-10-08T15:26:31Z">
          <reporter-output>
          </reporter-output>
        </test-method> <!-- verifyTitle -->
        <test-method status="PASS" signature="closeBrowser()[pri:0, instance:com.ijmeet.functionaltests.HomepageTests@5bfa9431]" name="closeBrowser" is-config="true" duration-ms="66" started-at="2020-10-08T15:26:31Z" finished-at="2020-10-08T15:26:31Z">
          <reporter-output>
          </reporter-output>
        </test-method> <!-- closeBrowser -->
      </class> <!-- com.ijmeet.functionaltests.HomepageTests -->
    </test> <!-- Default test -->
  </suite> <!-- Default suite -->
</testng-results>
